SF:/home/travis/build/tsg-ut/mnemo/lib/board.js
DA:1,1
DA:2,1
DA:3,1
DA:4,1
DA:5,1
DA:9,100
DA:11,100
DA:12,100
DA:13,100
DA:15,100
DA:16,100
DA:17,100
DA:18,100
DA:20,100
DA:21,100
DA:22,159
DA:23,159
DA:25,159
DA:26,443
DA:30,100
DA:31,172
DA:32,443
DA:36,100
DA:37,100
DA:39,0
DA:41,100
DA:42,100
DA:43,100
DA:47,23
DA:51,0
DA:55,1
DA:57,1
DA:58,20
DA:59,3
DA:63,1
DA:67,4
DA:69,4
DA:70,63
DA:71,14
DA:75,4
DA:79,157
DA:81,157
DA:82,2965
DA:83,11860
DA:85,2965
DA:86,11860
DA:90,157
DA:94,8
DA:95,8
DA:96,138
DA:97,52
DA:99,86
DA:100,340
DA:101,2
DA:102,2
DA:105,84
DA:106,334
DA:107,1
DA:108,1
DA:113,8
DA:118,1
DA:120,1
DA:121,20
DA:122,3
DA:131,1
DA:135,17730
DA:139,0
DA:140,0
DA:141,0
DA:146,920
DA:147,3632
DA:148,17074
DA:149,17074
DA:156,3
DA:158,3
DA:159,70
DA:160,11
DA:169,3
DA:170,3
DA:171,3
DA:175,616
DA:176,616
DA:177,616
DA:178,616
DA:179,616
DA:181,616
DA:182,616
DA:183,175
DA:185,616
DA:186,499
DA:188,616
DA:194,19
DA:196,19
DA:197,19
DA:198,174
DA:200,174
DA:201,3
DA:204,171
DA:206,171
DA:207,13
DA:210,158
DA:211,2
DA:214,156
DA:215,1
DA:220,19
DA:224,23
DA:225,23
DA:226,23
DA:227,23
DA:228,23
DA:229,23
DA:230,23
DA:232,23
DA:235,23
DA:236,23
DA:237,23
DA:239,23
DA:243,14
DA:244,14
DA:247,14
DA:248,14
DA:253,514
DA:257,3360
DA:258,181
DA:260,181
DA:261,181
DA:262,3360
DA:265,181
DA:266,4
DA:267,0
DA:269,4
DA:275,3282
DA:277,176
DA:278,176
DA:279,3282
DA:282,176
DA:283,14
DA:288,32
DA:289,32
DA:290,32
DA:294,0
DA:295,0
DA:299,1
BRDA:36,1,0,100
BRDA:36,1,1,0
BRDA:58,2,0,3
BRDA:58,2,1,17
BRDA:70,3,0,14
BRDA:70,3,1,49
BRDA:96,4,0,52
BRDA:96,4,1,86
BRDA:100,5,0,2
BRDA:100,5,1,338
BRDA:106,6,0,1
BRDA:106,6,1,333
BRDA:121,7,0,3
BRDA:121,7,1,17
BRDA:159,8,0,11
BRDA:159,8,1,59
BRDA:200,9,0,3
BRDA:200,9,1,171
BRDA:200,10,0,174
BRDA:200,10,1,171
BRDA:206,11,0,13
BRDA:206,11,1,158
BRDA:206,12,0,171
BRDA:206,12,1,158
BRDA:210,13,0,2
BRDA:210,13,1,156
BRDA:214,14,0,1
BRDA:214,14,1,155
BRDA:224,15,0,23
BRDA:224,15,1,0
BRDA:226,16,0,23
BRDA:226,16,1,0
BRDA:262,17,0,3360
BRDA:262,17,1,3079
BRDA:265,18,0,4
BRDA:265,18,1,177
BRDA:266,19,0,0
BRDA:266,19,1,4
BRDA:279,20,0,3282
BRDA:279,20,1,2987
BRDA:282,21,0,14
BRDA:282,21,1,162
end_of_record
SF:/home/travis/build/tsg-ut/mnemo/lib/block.js
DA:2,1
DA:4,1
DA:5,1
DA:9,616
DA:10,616
DA:11,616
DA:12,616
DA:13,616
DA:14,616
DA:15,616
DA:16,616
DA:17,616
DA:18,616
DA:25,616
DA:31,616
DA:32,278
DA:37,0
DA:44,0
DA:51,0
DA:58,0
DA:65,0
DA:72,429
DA:73,203
DA:76,226
DA:77,226
DA:81,723
DA:82,723
DA:86,3461
DA:88,3461
DA:91,2568
DA:92,10272
DA:93,31
DA:94,31
DA:97,2568
DA:100,700
DA:102,2800
DA:103,2411
DA:105,389
DA:106,1082
DA:107,387
DA:110,387
DA:112,387
DA:113,387
DA:114,695
DA:115,695
DA:116,695
DA:119,387
DA:120,387
DA:123,2
DA:124,2
DA:125,2
DA:129,700
DA:132,141
DA:134,564
DA:135,120
DA:136,60
DA:139,60
DA:141,60
DA:142,60
DA:143,60
DA:144,60
DA:145,60
DA:146,60
DA:149,60
DA:150,60
DA:154,564
DA:155,282
DA:156,1
DA:157,1
DA:161,141
DA:164,84
DA:165,43
DA:168,84
DA:169,43
DA:172,43
DA:173,43
DA:174,84
DA:175,84
DA:176,84
DA:179,84
DA:180,43
DA:181,43
DA:182,43
DA:184,43
DA:185,43
DA:189,43
DA:190,172
DA:191,88
DA:192,0
DA:193,0
DA:197,43
DA:200,7
DA:201,10
DA:203,7
DA:204,14
DA:208,10
DA:209,7
DA:212,7
DA:213,7
DA:214,10
DA:215,10
DA:216,10
DA:219,10
DA:220,7
DA:222,7
DA:223,7
DA:224,7
DA:225,7
DA:227,7
DA:228,7
DA:232,7
DA:233,28
DA:234,18
DA:235,0
DA:236,0
DA:240,7
DA:243,2
DA:249,2
DA:250,8
DA:253,8
DA:254,2
DA:257,2
DA:259,2
DA:260,2
DA:261,2
DA:263,2
DA:264,2
DA:267,2
DA:273,3282
DA:275,3282
DA:276,13128
DA:277,696
DA:278,696
DA:284,696
DA:289,14
DA:290,14
DA:291,14
DA:294,682
DA:296,197
DA:297,110
DA:298,110
DA:300,87
DA:302,197
DA:304,197
DA:305,197
DA:306,197
DA:308,0
DA:310,197
DA:312,145
DA:313,125
DA:314,125
DA:316,20
DA:318,145
DA:320,143
DA:321,123
DA:322,123
DA:324,20
DA:326,143
DA:332,514
DA:333,1028
DA:334,4112
DA:335,0
DA:336,0
DA:343,1
BRDA:31,1,0,117
BRDA:31,1,1,499
BRDA:31,2,0,616
BRDA:31,2,1,552
BRDA:72,3,0,203
BRDA:72,3,1,226
BRDA:88,4,0,2568
BRDA:88,4,1,700
BRDA:88,4,2,141
BRDA:88,4,3,43
BRDA:88,4,4,7
BRDA:88,4,5,2
BRDA:102,5,0,2411
BRDA:102,5,1,389
BRDA:105,6,0,387
BRDA:105,6,1,2
BRDA:134,7,0,60
BRDA:134,7,1,504
BRDA:134,8,0,564
BRDA:134,8,1,61
BRDA:144,9,0,0
BRDA:144,9,1,60
BRDA:154,10,0,282
BRDA:154,10,1,282
BRDA:168,11,0,43
BRDA:168,11,1,0
BRDA:180,12,0,0
BRDA:180,12,1,43
BRDA:190,13,0,88
BRDA:190,13,1,84
BRDA:208,14,0,7
BRDA:208,14,1,0
BRDA:222,15,0,0
BRDA:222,15,1,7
BRDA:233,16,0,18
BRDA:233,16,1,10
BRDA:253,17,0,2
BRDA:253,17,1,6
BRDA:284,18,0,14
BRDA:284,18,1,682
BRDA:285,19,0,696
BRDA:285,19,1,211
BRDA:285,19,2,14
BRDA:294,20,0,197
BRDA:294,20,1,197
BRDA:294,20,2,145
BRDA:294,20,3,143
BRDA:296,21,0,110
BRDA:296,21,1,87
BRDA:304,22,0,197
BRDA:304,22,1,0
BRDA:312,23,0,125
BRDA:312,23,1,20
BRDA:320,24,0,123
BRDA:320,24,1,20
end_of_record
SF:/home/travis/build/tsg-ut/mnemo/lib/data.js
DA:3,975
DA:4,975
DA:8,1
end_of_record
SF:/home/travis/build/tsg-ut/mnemo/lib/block-configs.js
DA:1,1
DA:3,1
DA:47,8
DA:56,4
DA:65,1
DA:74,0
DA:83,11
DA:92,1
DA:101,3
DA:110,3
DA:120,3
DA:129,3
DA:138,1
DA:147,6
DA:156,3
DA:165,1
DA:174,1
DA:183,1
DA:192,1
DA:201,1
DA:210,1
DA:219,1
DA:228,1
DA:238,5
DA:239,2
DA:241,3
DA:251,0
DA:261,6
DA:262,1
DA:264,5
DA:274,7
DA:283,8
DA:292,0
DA:301,0
DA:310,0
DA:319,0
DA:328,0
DA:337,0
DA:347,0
DA:356,0
DA:365,0
DA:374,0
DA:383,0
DA:392,0
DA:401,0
DA:411,4
DA:424,3
DA:437,4
DA:446,4
DA:455,4
DA:464,4
DA:473,2
DA:483,4
BRDA:147,1,0,0
BRDA:147,1,1,6
BRDA:156,2,0,0
BRDA:156,2,1,3
BRDA:238,3,0,2
BRDA:238,3,1,3
BRDA:261,4,0,1
BRDA:261,4,1,5
BRDA:261,5,0,6
BRDA:261,5,1,1
BRDA:261,5,2,0
BRDA:274,6,0,1
BRDA:274,6,1,6
BRDA:283,7,0,2
BRDA:283,7,1,6
BRDA:337,8,0,0
BRDA:337,8,1,0
BRDA:347,9,0,0
BRDA:347,9,1,0
BRDA:356,10,0,0
BRDA:356,10,1,0
BRDA:365,11,0,0
BRDA:365,11,1,0
BRDA:374,12,0,0
BRDA:374,12,1,0
BRDA:383,13,0,0
BRDA:383,13,1,0
BRDA:392,14,0,0
BRDA:392,14,1,0
BRDA:412,15,0,2
BRDA:412,15,1,2
BRDA:425,16,0,2
BRDA:425,16,1,1
BRDA:437,17,0,1
BRDA:437,17,1,3
BRDA:437,18,0,4
BRDA:437,18,1,2
BRDA:446,19,0,3
BRDA:446,19,1,1
BRDA:446,20,0,4
BRDA:446,20,1,2
BRDA:455,21,0,1
BRDA:455,21,1,3
BRDA:455,22,0,4
BRDA:455,22,1,2
BRDA:464,23,0,3
BRDA:464,23,1,1
BRDA:464,24,0,4
BRDA:464,24,1,2
BRDA:473,25,0,1
BRDA:473,25,1,1
BRDA:483,26,0,2
BRDA:483,26,1,2
end_of_record
SF:/home/travis/build/tsg-ut/mnemo/lib/util.js
DA:1,1
DA:4,1
DA:5,64
DA:6,64
DA:8,64
DA:9,3
DA:12,61
DA:13,244
DA:14,0
DA:18,61
DA:21,1
DA:27,1
DA:28,0
DA:29,0
DA:30,0
DA:36,1
DA:37,16
DA:38,16
DA:40,33
DA:41,30
DA:42,20
DA:46,1
DA:47,15
DA:48,0
DA:51,15
DA:52,15
DA:54,15
DA:55,191
DA:56,191
DA:57,23
DA:59,168
DA:62,15
DA:65,1
DA:66,5
DA:69,1
DA:72,1
DA:75,1
BRDA:8,1,0,3
BRDA:8,1,1,61
BRDA:13,2,0,0
BRDA:13,2,1,244
BRDA:47,3,0,0
BRDA:47,3,1,15
BRDA:47,4,0,15
BRDA:47,4,1,15
BRDA:47,4,2,15
BRDA:47,4,3,15
BRDA:47,4,4,1
BRDA:56,5,0,23
BRDA:56,5,1,168
BRDA:66,6,0,3
BRDA:66,6,1,2
BRDA:69,7,0,0
BRDA:69,7,1,0
end_of_record
SF:/home/travis/build/tsg-ut/mnemo/stages/calc03.js
DA:1,1
DA:19,3
DA:20,3
DA:22,3
end_of_record
SF:/home/travis/build/tsg-ut/mnemo/stages/conditional01.js
DA:1,1
DA:27,1
DA:28,1
DA:30,1
DA:31,1
DA:33,1
BRDA:28,1,0,1
BRDA:28,1,1,0
BRDA:31,2,0,1
BRDA:31,2,1,0
end_of_record
SF:/home/travis/build/tsg-ut/mnemo/stages/conditional02.js
DA:1,1
DA:27,200
DA:28,200
DA:30,1
DA:31,1
DA:33,1
BRDA:28,1,0,200
BRDA:28,1,1,199
end_of_record
SF:/home/travis/build/tsg-ut/mnemo/stages/conditional03.js
DA:1,1
DA:28,1
DA:29,1
DA:32,1
DA:33,1
DA:34,1
DA:36,1
DA:37,1
DA:38,1
DA:40,1
DA:41,1
DA:43,2
DA:45,3
DA:47,1
end_of_record
SF:/home/travis/build/tsg-ut/mnemo/stages/factorial.js
DA:1,1
DA:29,13
DA:30,1
DA:33,1
DA:34,1
DA:35,1
DA:37,1
DA:38,1
DA:39,1
DA:41,1
DA:42,1
DA:44,2
DA:46,38
DA:48,1
BRDA:46,1,0,4
BRDA:46,1,1,34
end_of_record
SF:/home/travis/build/tsg-ut/mnemo/stages/parity.js
DA:1,1
DA:29,1
DA:30,148
DA:33,3
DA:35,1
DA:38,1
DA:39,1
DA:41,1
DA:42,30
DA:45,1
DA:49,1
DA:50,1
DA:52,1
DA:53,1
DA:56,1
DA:60,1
DA:61,1
DA:63,1
DA:64,2
DA:67,1
DA:70,1
BRDA:54,1,0,1
BRDA:54,1,1,1
end_of_record
SF:/home/travis/build/tsg-ut/mnemo/stages/fibonacci.js
DA:1,1
DA:29,1
DA:31,1
DA:32,18
DA:35,18
DA:36,1
DA:39,1
DA:40,1
DA:41,1
DA:43,1
DA:44,1
DA:45,1
DA:47,1
DA:48,1
DA:50,2
DA:52,1
end_of_record
SF:/home/travis/build/tsg-ut/mnemo/stages/power-hard.js
DA:1,1
DA:47,1
DA:50,1
DA:53,1
DA:56,1
DA:58,1
DA:60,1
BRDA:47,1,0,1
BRDA:47,1,1,0
BRDA:53,2,0,1
BRDA:53,2,1,0
end_of_record
SF:/home/travis/build/tsg-ut/mnemo/stages/gcd.js
DA:1,1
DA:41,1
DA:42,3
DA:43,55
DA:44,55
DA:45,55
DA:46,55
DA:50,1
DA:51,37
DA:52,10
DA:55,27
DA:58,1
DA:60,1
DA:62,1
DA:63,2
DA:64,2
DA:66,1
DA:68,1
DA:70,1
DA:71,3
DA:72,3
DA:74,1
DA:76,1
DA:78,1
DA:79,2
DA:80,2
DA:82,1
DA:84,3
DA:86,1
BRDA:51,1,0,10
BRDA:51,1,1,27
end_of_record
SF:/home/travis/build/tsg-ut/mnemo/stages/lcm.js
DA:1,1
DA:41,1
DA:42,3
DA:43,51
DA:44,51
DA:45,51
DA:46,51
DA:50,1
DA:51,44
DA:52,8
DA:55,36
DA:58,8
DA:60,1
DA:61,3
DA:63,3
DA:64,6
DA:65,9
DA:67,3
DA:70,2
DA:72,1
BRDA:51,1,0,8
BRDA:51,1,1,36
end_of_record
SF:/home/travis/build/tsg-ut/mnemo/stages/sqrt-easy.js
DA:1,1
DA:37,13
DA:38,1
DA:41,1
DA:42,1
DA:43,1
DA:45,1
DA:46,1
DA:47,1
DA:49,1
DA:50,1
DA:52,2
DA:54,1
end_of_record
SF:/home/travis/build/tsg-ut/mnemo/stages/sqrt-hard.js
DA:1,1
DA:46,1
DA:47,1
DA:48,1
DA:49,1
DA:51,1
end_of_record
SF:/home/travis/build/tsg-ut/mnemo/stages/msd.js
DA:1,1
DA:46,1
DA:47,1
DA:49,1
DA:50,1
DA:52,1
DA:53,1
DA:55,3
DA:56,1
DA:58,1
end_of_record
SF:/home/travis/build/tsg-ut/mnemo/stages/mod3-hard.js
DA:1,1
DA:42,1
DA:43,1
DA:45,1
DA:46,1
DA:48,1
DA:49,1
DA:51,1
DA:53,1
DA:55,1
end_of_record
SF:/home/travis/build/tsg-ut/mnemo/stages/repeat-self.js
DA:1,1
DA:34,7
DA:35,1
DA:38,1
DA:39,1
DA:40,1
DA:42,1
DA:43,1
DA:45,1
DA:47,1
end_of_record
SF:/home/travis/build/tsg-ut/mnemo/stages/fibonacci-hard.js
DA:1,1
DA:36,1
DA:38,1
DA:39,28
DA:42,18
DA:43,1
DA:46,1
DA:47,1
DA:48,1
DA:50,1
DA:51,1
DA:52,1
DA:54,1
DA:55,1
DA:57,2
DA:59,1
end_of_record
SF:/home/travis/build/tsg-ut/mnemo/stages/factorization.js
DA:1,1
DA:41,1
DA:42,1
DA:43,1
DA:44,253
DA:45,253
DA:46,1764
DA:47,200
DA:48,200
DA:51,253
DA:52,53
DA:53,53
DA:55,200
DA:59,199
DA:60,1
DA:62,1
DA:63,1
DA:64,1
DA:66,1
DA:67,1
DA:68,1
DA:70,1
DA:71,1
DA:73,2
DA:75,1
BRDA:46,1,0,200
BRDA:46,1,1,1564
BRDA:51,2,0,53
BRDA:51,2,1,200
end_of_record
SF:/home/travis/build/tsg-ut/mnemo/stages/spaceship.js
DA:1,1
DA:43,99
DA:45,1
DA:46,3
DA:47,3
DA:48,3
DA:51,1
DA:53,1
DA:54,1
DA:55,1
DA:57,1
DA:59,1
DA:60,1
DA:61,1
DA:63,1
DA:65,1
DA:66,1
DA:68,1
DA:70,1
DA:71,1
DA:72,1
DA:74,1
DA:76,5
DA:78,1
BRDA:68,1,0,1
BRDA:68,1,1,0
end_of_record
SF:/home/travis/build/tsg-ut/mnemo/stages/10000th-digit.js
DA:1,1
DA:51,1
DA:52,1276
DA:55,1
DA:56,69
DA:57,69
DA:58,1149
DA:60,69
DA:63,1
DA:102,37
DA:104,1
DA:107,21
DA:108,1
DA:111,1
DA:112,1
DA:113,21
DA:114,9
DA:116,21
DA:119,1
DA:120,9
DA:125,1
DA:126,1
DA:127,1
DA:128,1
DA:130,1
DA:131,1
DA:132,1
DA:133,1
DA:135,1
DA:136,1
DA:137,1
DA:139,4
DA:141,1
BRDA:52,1,0,84
BRDA:52,1,1,1192
BRDA:107,2,0,21
BRDA:107,2,1,6
BRDA:113,3,0,9
BRDA:113,3,1,12
BRDA:120,4,0,9
BRDA:120,4,1,8
end_of_record
SF:/home/travis/build/tsg-ut/mnemo/lib/validator.js
DA:1,1
DA:2,1
DA:3,1
DA:4,1
DA:5,1
DA:7,1
DA:10,1
DA:11,0
DA:13,0
DA:14,0
DA:16,0
DA:19,1
DA:20,45
DA:21,1
DA:24,105
DA:26,44
DA:27,1
DA:30,43
DA:31,3
DA:34,40
DA:35,1
DA:38,39
DA:40,39
DA:41,64
DA:42,64
DA:43,3
DA:46,61
DA:47,4
DA:50,57
DA:51,3
DA:54,54
DA:55,4
DA:58,50
DA:59,3
DA:62,47
DA:63,3
DA:66,44
DA:67,1
DA:70,43
DA:71,4
DA:74,39
DA:75,2
DA:78,37
DA:81,64
DA:82,27
DA:86,39
DA:87,27
DA:91,12
DA:92,12
DA:93,37
DA:94,37
DA:97,12
DA:98,2
DA:102,10
DA:103,10
DA:104,32
DA:105,18
DA:107,14
DA:111,10
DA:112,14
DA:113,1
DA:116,13
DA:118,13
DA:119,1
DA:125,8
DA:133,8
DA:134,29
DA:137,8
DA:139,8
DA:140,8
DA:141,2
DA:142,2
DA:143,2
DA:144,2
DA:146,2
DA:152,6
DA:158,8
DA:159,15
DA:161,15
DA:162,5
DA:165,10
DA:168,3
BRDA:20,1,0,1
BRDA:20,1,1,44
BRDA:26,2,0,1
BRDA:26,2,1,43
BRDA:30,3,0,3
BRDA:30,3,1,40
BRDA:34,4,0,1
BRDA:34,4,1,39
BRDA:42,5,0,3
BRDA:42,5,1,61
BRDA:46,6,0,4
BRDA:46,6,1,57
BRDA:50,7,0,3
BRDA:50,7,1,54
BRDA:50,8,0,57
BRDA:50,8,1,56
BRDA:54,9,0,4
BRDA:54,9,1,50
BRDA:58,10,0,3
BRDA:58,10,1,47
BRDA:58,11,0,50
BRDA:58,11,1,49
BRDA:62,12,0,3
BRDA:62,12,1,44
BRDA:66,13,0,1
BRDA:66,13,1,43
BRDA:70,14,0,4
BRDA:70,14,1,39
BRDA:74,15,0,2
BRDA:74,15,1,37
BRDA:74,16,0,39
BRDA:74,16,1,38
BRDA:81,17,0,27
BRDA:81,17,1,37
BRDA:86,18,0,27
BRDA:86,18,1,12
BRDA:97,19,0,2
BRDA:97,19,1,10
BRDA:104,20,0,18
BRDA:104,20,1,14
BRDA:112,21,0,1
BRDA:112,21,1,13
BRDA:118,22,0,1
BRDA:118,22,1,12
BRDA:118,23,0,13
BRDA:118,23,1,1
BRDA:140,24,0,2
BRDA:140,24,1,6
BRDA:161,25,0,5
BRDA:161,25,1,10
end_of_record
SF:/home/travis/build/tsg-ut/mnemo/stages/index.js
DA:3,1
end_of_record
SF:/home/travis/build/tsg-ut/mnemo/stages/wire01.js
DA:1,1
end_of_record
SF:/home/travis/build/tsg-ut/mnemo/stages/calc01.js
DA:1,1
end_of_record
SF:/home/travis/build/tsg-ut/mnemo/stages/calc02.js
DA:1,1
end_of_record
SF:/home/travis/build/tsg-ut/mnemo/stages/calc04.js
DA:1,1
end_of_record
SF:/home/travis/build/tsg-ut/mnemo/stages/calc05.js
DA:1,1
end_of_record
SF:/home/travis/build/tsg-ut/mnemo/stages/calc06.js
DA:1,1
end_of_record
SF:/home/travis/build/tsg-ut/mnemo/stages/make-minus-one-easy.js
DA:1,1
end_of_record
SF:/home/travis/build/tsg-ut/mnemo/stages/division-easy.js
DA:1,1
end_of_record
SF:/home/travis/build/tsg-ut/mnemo/stages/sixth-power.js
DA:1,1
end_of_record
SF:/home/travis/build/tsg-ut/mnemo/stages/remainder.js
DA:1,1
end_of_record
SF:/home/travis/build/tsg-ut/mnemo/stages/plus-32.js
DA:1,1
end_of_record
SF:/home/travis/build/tsg-ut/mnemo/stages/bivariation01.js
DA:1,1
end_of_record
SF:/home/travis/build/tsg-ut/mnemo/stages/power-easy.js
DA:1,1
end_of_record
SF:/home/travis/build/tsg-ut/mnemo/stages/division-hard.js
DA:1,1
end_of_record
SF:/home/travis/build/tsg-ut/mnemo/stages/make-minus-one-med.js
DA:1,1
end_of_record
SF:/home/travis/build/tsg-ut/mnemo/stages/make-minus-one-hard.js
DA:1,1
end_of_record
SF:/home/travis/build/tsg-ut/mnemo/stages/complement-of-2.js
DA:1,1
end_of_record
SF:/home/travis/build/tsg-ut/mnemo/stages/binarian-easy.js
DA:1,1
end_of_record
SF:/home/travis/build/tsg-ut/mnemo/stages/perfect-number.js
DA:1,1
end_of_record
SF:/home/travis/build/tsg-ut/mnemo/stages/reversal.js
DA:1,1
end_of_record
SF:/home/travis/build/tsg-ut/mnemo/stages/max.js
DA:1,1
end_of_record
SF:/home/travis/build/tsg-ut/mnemo/stages/the-fifth-max.js
DA:1,1
end_of_record
SF:/home/travis/build/tsg-ut/mnemo/stages/100.js
DA:1,1
end_of_record
SF:/home/travis/build/tsg-ut/mnemo/stages/100-again.js
DA:1,1
end_of_record
SF:/home/travis/build/tsg-ut/mnemo/stages/1000.js
DA:1,1
end_of_record
SF:/home/travis/build/tsg-ut/mnemo/stages/plus-32-hard.js
DA:1,1
end_of_record
SF:/home/travis/build/tsg-ut/mnemo/stages/xor.js
DA:1,1
end_of_record
SF:/home/travis/build/tsg-ut/mnemo/stages/2017.js
DA:1,1
end_of_record
SF:/home/travis/build/tsg-ut/mnemo/stages/addition-med.js
DA:1,1
end_of_record
SF:/home/travis/build/tsg-ut/mnemo/lib/panel.jsx
DA:1,1
DA:3,1
DA:4,1
DA:5,1
DA:10,11
DA:12,11
DA:13,1
DA:18,11
DA:19,11
DA:21,11
DA:22,12
DA:24,12
DA:25,12
DA:26,10
DA:30,11
DA:42,3
DA:44,3
DA:45,2
DA:48,3
DA:50,2
DA:51,2
DA:61,3
DA:63,3
DA:65,3
DA:67,2
DA:69,2
DA:71,1
DA:73,1
DA:75,1
DA:78,2
DA:85,17
DA:88,19
DA:106,1
DA:109,1
BRDA:1,1,0,1
BRDA:1,1,1,0
BRDA:1,2,0,0
BRDA:1,2,1,0
BRDA:25,3,0,10
BRDA:25,3,1,2
BRDA:44,4,0,2
BRDA:44,4,1,1
BRDA:48,5,0,2
BRDA:48,5,1,1
BRDA:65,6,0,2
BRDA:65,6,1,1
BRDA:69,7,0,1
BRDA:69,7,1,1
BRDA:95,8,0,14
BRDA:95,8,1,5
BRDA:99,9,0,7
BRDA:99,9,1,12
end_of_record
SF:/home/travis/build/tsg-ut/mnemo/api/index.js
DA:1,1
DA:2,1
DA:3,1
DA:4,1
DA:6,1
DA:8,1
DA:13,1
DA:15,1
DA:16,0
DA:22,1
DA:23,1
DA:25,1
DA:26,0
DA:29,1
BRDA:15,0,0,0
BRDA:15,0,1,1
BRDA:25,1,0,0
BRDA:25,1,1,1
BRDA:26,2,0,0
BRDA:26,2,1,0
end_of_record
SF:/home/travis/build/tsg-ut/mnemo/api/migrations/20160915083636-add-tables.js
DA:1,1
DA:2,1
DA:19,1
DA:60,0
end_of_record
SF:/home/travis/build/tsg-ut/mnemo/api/migrations/20161126135322-add-unique-name-and-stage.js
DA:1,1
DA:3,1
DA:9,0
end_of_record
SF:/home/travis/build/tsg-ut/mnemo/api/migrations/20161202090513-add-version-column.js
DA:1,1
DA:3,1
DA:18,0
end_of_record
SF:/home/travis/build/tsg-ut/mnemo/api/models/index.js
DA:1,1
DA:2,1
DA:3,1
DA:5,1
DA:6,1
DA:7,0
DA:10,1
DA:13,1
BRDA:2,0,0,1
BRDA:2,0,1,0
BRDA:6,1,0,0
BRDA:6,1,1,1
end_of_record
SF:/home/travis/build/tsg-ut/mnemo/api/models/stage.js
DA:1,1
DA:2,1
DA:4,1
DA:16,1
end_of_record
SF:/home/travis/build/tsg-ut/mnemo/api/models/submission.js
DA:1,1
DA:2,1
DA:4,1
DA:6,1
DA:56,1
DA:58,1
end_of_record
SF:/home/travis/build/tsg-ut/mnemo/api/routes/index.js
DA:1,1
DA:2,1
DA:4,1
DA:5,0
DA:8,1
end_of_record
SF:/home/travis/build/tsg-ut/mnemo/api/routes/stages.js
DA:1,1
DA:2,1
DA:3,1
DA:4,1
DA:6,1
DA:7,1
DA:8,1
DA:9,1
DA:11,1
DA:12,1
DA:14,1
DA:15,1
DA:16,1
DA:19,1
DA:20,1
DA:22,1
DA:28,1
DA:29,0
DA:34,1
DA:38,1
DA:39,3
DA:41,3
DA:58,25
DA:65,3
DA:68,1
DA:69,11
DA:71,11
DA:93,11
DA:95,11
DA:96,1
DA:100,1
DA:103,10
DA:105,10
DA:107,10
DA:108,1
DA:112,1
DA:115,9
DA:117,9
DA:123,9
DA:124,3
DA:125,1
DA:129,1
DA:132,2
DA:147,2
DA:149,2
DA:156,2
DA:159,6
DA:169,5
DA:174,7
DA:190,7
DA:191,7
DA:192,7
DA:195,7
DA:198,7
DA:205,7
DA:217,7
DA:224,1
BRDA:28,0,0,0
BRDA:28,0,1,1
BRDA:95,1,0,1
BRDA:95,1,1,10
BRDA:107,2,0,1
BRDA:107,2,1,9
BRDA:123,3,0,3
BRDA:123,3,1,6
BRDA:124,4,0,1
BRDA:124,4,1,2
BRDA:124,5,0,3
BRDA:124,5,1,2
BRDA:200,6,0,7
BRDA:200,6,1,0
end_of_record
