SF:/home/travis/build/tsg-ut/mnemo/lib/board.js
DA:1,2
DA:2,2
DA:3,2
DA:4,2
DA:5,2
DA:6,2
DA:10,111
DA:12,111
DA:13,111
DA:14,111
DA:16,111
DA:17,111
DA:18,111
DA:20,111
DA:21,111
DA:22,170
DA:23,170
DA:25,170
DA:26,454
DA:30,111
DA:31,183
DA:32,454
DA:36,111
DA:37,103
DA:39,8
DA:41,111
DA:42,111
DA:43,111
DA:47,21
DA:51,0
DA:55,1
DA:57,1
DA:58,20
DA:59,3
DA:63,1
DA:67,4
DA:69,4
DA:70,63
DA:71,14
DA:75,4
DA:79,153
DA:81,153
DA:82,2929
DA:83,11716
DA:85,2929
DA:86,11716
DA:90,153
DA:94,8
DA:95,8
DA:96,138
DA:97,52
DA:99,86
DA:100,340
DA:101,2
DA:102,2
DA:105,84
DA:106,334
DA:107,1
DA:108,1
DA:113,8
DA:118,1
DA:120,1
DA:121,20
DA:122,3
DA:131,1
DA:135,17449
DA:139,0
DA:143,888
DA:144,3536
DA:145,16786
DA:146,16786
DA:153,3
DA:155,3
DA:156,70
DA:157,11
DA:166,3
DA:167,3
DA:168,3
DA:172,638
DA:173,638
DA:174,638
DA:175,638
DA:176,638
DA:178,638
DA:179,638
DA:180,174
DA:182,638
DA:183,503
DA:185,638
DA:191,17
DA:193,17
DA:194,17
DA:195,168
DA:197,168
DA:198,3
DA:201,165
DA:203,165
DA:204,11
DA:207,154
DA:208,2
DA:211,152
DA:212,1
DA:217,17
DA:221,21
DA:222,21
DA:223,21
DA:224,21
DA:225,21
DA:226,21
DA:227,21
DA:229,21
DA:232,21
DA:233,21
DA:234,21
DA:236,21
DA:240,12
DA:241,12
DA:244,12
DA:245,12
DA:250,478
DA:254,175
DA:255,393
DA:256,393
DA:260,175
DA:261,3306
DA:262,3306
DA:263,3306
DA:266,175
DA:268,175
DA:269,175
DA:270,3306
DA:273,175
DA:274,4
DA:275,0
DA:277,4
DA:283,3228
DA:285,170
DA:286,170
DA:287,3228
DA:290,170
DA:291,12
DA:296,28
DA:297,28
DA:298,28
DA:302,1
DA:303,0
DA:307,1
DA:161,0
DA:162,0
DA:163,0
DA:169,0
DA:170,0
DA:171,0
DA:177,0
DA:186,0
DA:188,0
DA:189,0
DA:190,0
DA:192,0
DA:196,0
DA:199,0
DA:202,0
DA:206,0
DA:216,0
DA:218,0
DA:219,0
DA:220,0
DA:228,0
DA:231,0
DA:235,0
DA:239,0
DA:249,0
DA:251,0
DA:257,0
DA:258,0
DA:264,0
DA:265,0
DA:272,0
DA:278,0
DA:280,0
DA:281,0
DA:282,0
DA:292,0
DA:293,0
BRDA:36,1,0,103
BRDA:36,1,1,8
BRDA:58,2,0,3
BRDA:58,2,1,17
BRDA:70,3,0,14
BRDA:70,3,1,49
BRDA:96,4,0,52
BRDA:96,4,1,86
BRDA:100,5,0,2
BRDA:100,5,1,338
BRDA:106,6,0,1
BRDA:106,6,1,333
BRDA:121,7,0,3
BRDA:121,7,1,17
BRDA:156,8,0,11
BRDA:156,8,1,59
BRDA:197,9,0,3
BRDA:197,9,1,165
BRDA:197,10,0,168
BRDA:197,10,1,165
BRDA:203,11,0,11
BRDA:203,11,1,154
BRDA:203,12,0,165
BRDA:203,12,1,154
BRDA:207,13,0,2
BRDA:207,13,1,152
BRDA:211,14,0,1
BRDA:211,14,1,151
BRDA:221,15,0,13
BRDA:221,15,1,8
BRDA:223,16,0,13
BRDA:223,16,1,8
BRDA:255,17,0,393
BRDA:255,17,1,0
BRDA:270,18,0,3306
BRDA:270,18,1,3031
BRDA:273,19,0,4
BRDA:273,19,1,171
BRDA:274,20,0,0
BRDA:274,20,1,4
BRDA:287,21,0,3228
BRDA:287,21,1,2937
BRDA:290,22,0,12
BRDA:290,22,1,158
BRDA:192,9,0,0
BRDA:192,9,1,0
BRDA:192,10,0,0
BRDA:192,10,1,0
BRDA:198,11,0,0
BRDA:198,11,1,0
BRDA:198,12,0,0
BRDA:198,12,1,0
BRDA:202,13,0,0
BRDA:202,13,1,0
BRDA:206,14,0,0
BRDA:206,14,1,0
BRDA:216,15,0,0
BRDA:216,15,1,0
BRDA:218,16,0,0
BRDA:218,16,1,0
BRDA:250,17,0,0
BRDA:250,17,1,0
BRDA:265,18,0,0
BRDA:265,18,1,0
BRDA:268,19,0,0
BRDA:268,19,1,0
BRDA:269,20,0,0
BRDA:269,20,1,0
BRDA:282,21,0,0
BRDA:282,21,1,0
BRDA:285,22,0,0
BRDA:285,22,1,0
end_of_record
SF:/home/travis/build/tsg-ut/mnemo/lib/block.js
DA:1,2
DA:2,2
DA:3,2
DA:7,638
DA:8,638
DA:9,638
DA:10,638
DA:11,638
DA:12,638
DA:13,638
DA:14,638
DA:15,638
DA:16,638
DA:23,638
DA:29,638
DA:30,278
DA:31,521
DA:32,13
DA:33,13
DA:34,13
DA:35,52
DA:36,41
DA:37,52
DA:44,522
DA:45,219
DA:48,303
DA:49,303
DA:53,728
DA:54,728
DA:55,728
DA:59,3418
DA:61,3418
DA:64,2532
DA:65,10128
DA:66,31
DA:67,31
DA:70,2532
DA:73,682
DA:75,2728
DA:76,2345
DA:78,383
DA:79,1070
DA:80,381
DA:83,381
DA:85,381
DA:86,381
DA:87,689
DA:88,689
DA:89,689
DA:92,381
DA:93,381
DA:96,2
DA:97,2
DA:98,2
DA:102,682
DA:105,141
DA:107,564
DA:108,120
DA:109,60
DA:112,60
DA:114,60
DA:115,60
DA:116,60
DA:117,60
DA:118,60
DA:119,60
DA:122,60
DA:123,60
DA:127,564
DA:128,282
DA:129,1
DA:130,1
DA:134,141
DA:137,84
DA:138,43
DA:141,84
DA:142,43
DA:145,43
DA:146,43
DA:147,84
DA:148,84
DA:149,84
DA:152,84
DA:153,43
DA:154,43
DA:155,43
DA:157,43
DA:158,43
DA:162,43
DA:163,172
DA:164,88
DA:165,0
DA:166,0
DA:170,43
DA:173,7
DA:174,10
DA:176,7
DA:177,14
DA:181,10
DA:182,7
DA:185,7
DA:186,7
DA:187,10
DA:188,10
DA:189,10
DA:192,10
DA:193,7
DA:195,7
DA:196,7
DA:197,7
DA:198,7
DA:200,7
DA:201,7
DA:205,7
DA:206,28
DA:207,18
DA:208,0
DA:209,0
DA:213,7
DA:216,13
DA:217,52
DA:218,39
DA:221,13
DA:223,12
DA:224,12
DA:226,12
DA:227,12
DA:229,12
DA:230,16
DA:231,16
DA:232,16
DA:235,12
DA:236,12
DA:239,1
DA:240,1
DA:241,1
DA:245,13
DA:251,3228
DA:253,3228
DA:254,12912
DA:255,690
DA:256,690
DA:262,690
DA:267,12
DA:268,12
DA:269,12
DA:272,678
DA:274,197
DA:275,110
DA:276,110
DA:277,110
DA:279,87
DA:281,197
DA:283,193
DA:284,193
DA:285,193
DA:286,193
DA:288,0
DA:290,193
DA:292,145
DA:293,125
DA:294,125
DA:295,125
DA:297,20
DA:299,145
DA:301,143
DA:302,123
DA:303,123
DA:304,123
DA:306,20
DA:308,143
DA:314,478
DA:315,956
DA:316,3824
DA:317,0
DA:318,0
DA:325,1
DA:18,0
DA:19,0
DA:20,0
DA:21,0
DA:22,0
DA:24,0
DA:25,0
DA:26,0
DA:38,0
DA:42,0
DA:43,0
DA:50,0
DA:56,0
DA:57,0
DA:60,0
DA:69,0
DA:71,0
DA:74,0
DA:77,0
DA:84,0
DA:99,0
DA:100,0
DA:101,0
DA:104,0
DA:106,0
DA:110,0
DA:111,0
DA:120,0
DA:121,0
DA:126,0
DA:131,0
DA:135,0
DA:139,0
DA:140,0
DA:150,0
DA:151,0
DA:156,0
DA:159,0
DA:167,0
DA:168,0
DA:171,0
DA:172,0
DA:175,0
DA:178,0
DA:179,0
DA:183,0
DA:190,0
DA:191,0
DA:199,0
DA:203,0
DA:212,0
DA:214,0
DA:215,0
DA:220,0
DA:222,0
DA:242,0
DA:244,0
DA:246,0
DA:247,0
DA:259,0
DA:261,0
DA:263,0
DA:264,0
DA:266,0
DA:270,0
DA:271,0
DA:273,0
DA:280,0
DA:282,0
DA:289,0
DA:291,0
DA:305,0
DA:312,1
BRDA:11,1,0,638
BRDA:11,1,1,621
BRDA:29,2,0,117
BRDA:29,2,1,521
BRDA:29,3,0,638
BRDA:29,3,1,574
BRDA:31,4,0,13
BRDA:31,4,1,508
BRDA:35,5,0,41
BRDA:35,5,1,11
BRDA:44,6,0,219
BRDA:44,6,1,303
BRDA:61,7,0,2532
BRDA:61,7,1,682
BRDA:61,7,2,141
BRDA:61,7,3,43
BRDA:61,7,4,7
BRDA:61,7,5,13
BRDA:75,8,0,2345
BRDA:75,8,1,383
BRDA:78,9,0,381
BRDA:78,9,1,2
BRDA:107,10,0,60
BRDA:107,10,1,504
BRDA:107,11,0,564
BRDA:107,11,1,61
BRDA:117,12,0,0
BRDA:117,12,1,60
BRDA:127,13,0,282
BRDA:127,13,1,282
BRDA:141,14,0,43
BRDA:141,14,1,0
BRDA:153,15,0,0
BRDA:153,15,1,43
BRDA:163,16,0,88
BRDA:163,16,1,84
BRDA:181,17,0,7
BRDA:181,17,1,0
BRDA:195,18,0,0
BRDA:195,18,1,7
BRDA:206,19,0,18
BRDA:206,19,1,10
BRDA:217,20,0,39
BRDA:217,20,1,13
BRDA:221,21,0,12
BRDA:221,21,1,1
BRDA:262,22,0,12
BRDA:262,22,1,678
BRDA:263,23,0,690
BRDA:263,23,1,205
BRDA:263,23,2,12
BRDA:272,24,0,197
BRDA:272,24,1,193
BRDA:272,24,2,145
BRDA:272,24,3,143
BRDA:274,25,0,110
BRDA:274,25,1,87
BRDA:283,26,0,193
BRDA:283,26,1,0
BRDA:292,27,0,125
BRDA:292,27,1,20
BRDA:301,28,0,123
BRDA:301,28,1,20
BRDA:19,2,0,0
BRDA:19,2,1,0
BRDA:19,3,0,0
BRDA:19,3,1,0
BRDA:21,4,0,0
BRDA:21,4,1,0
BRDA:25,5,0,0
BRDA:25,5,1,0
BRDA:33,6,0,0
BRDA:33,6,1,0
BRDA:50,7,0,0
BRDA:50,7,1,0
BRDA:50,7,2,0
BRDA:50,7,3,0
BRDA:50,7,4,0
BRDA:50,7,5,0
BRDA:66,8,0,0
BRDA:66,8,1,0
BRDA:69,9,0,0
BRDA:69,9,1,0
BRDA:99,10,0,0
BRDA:99,10,1,0
BRDA:99,11,0,0
BRDA:99,11,1,0
BRDA:109,12,0,0
BRDA:109,12,1,0
BRDA:119,13,0,0
BRDA:119,13,1,0
BRDA:134,14,0,0
BRDA:134,14,1,0
BRDA:146,15,0,0
BRDA:146,15,1,0
BRDA:156,16,0,0
BRDA:156,16,1,0
BRDA:171,17,0,0
BRDA:171,17,1,0
BRDA:185,18,0,0
BRDA:185,18,1,0
BRDA:196,19,0,0
BRDA:196,19,1,0
BRDA:208,20,0,0
BRDA:208,20,1,0
BRDA:212,21,0,0
BRDA:212,21,1,0
BRDA:253,22,0,0
BRDA:253,22,1,0
BRDA:253,23,0,0
BRDA:253,23,1,0
BRDA:253,23,2,0
BRDA:259,24,0,0
BRDA:259,24,1,0
BRDA:259,24,2,0
BRDA:259,24,3,0
BRDA:261,25,0,0
BRDA:261,25,1,0
BRDA:270,26,0,0
BRDA:270,26,1,0
BRDA:279,27,0,0
BRDA:279,27,1,0
BRDA:288,28,0,0
BRDA:288,28,1,0
end_of_record
SF:/home/travis/build/tsg-ut/mnemo/lib/data.js
DA:3,992
DA:4,992
DA:5,992
DA:6,992
DA:10,2
end_of_record
SF:/home/travis/build/tsg-ut/mnemo/lib/pass-event.js
DA:3,503
DA:4,503
DA:8,2
end_of_record
SF:/home/travis/build/tsg-ut/mnemo/lib/block-configs.js
DA:1,2
DA:3,2
DA:90,8
DA:100,4
DA:110,1
DA:120,0
DA:130,11
DA:140,1
DA:150,3
DA:160,3
DA:171,3
DA:181,3
DA:191,1
DA:201,6
DA:211,3
DA:221,1
DA:231,1
DA:241,1
DA:251,1
DA:261,1
DA:271,1
DA:280,1
DA:289,1
DA:299,5
DA:300,2
DA:302,3
DA:312,0
DA:322,6
DA:323,1
DA:325,5
DA:335,7
DA:344,8
DA:354,0
DA:363,0
DA:372,0
DA:381,0
DA:390,0
DA:399,0
DA:409,0
DA:418,0
DA:427,0
DA:436,0
DA:445,0
DA:454,0
DA:463,0
DA:473,4
DA:486,3
DA:499,4
DA:508,4
DA:517,4
DA:526,4
DA:535,2
DA:546,4
BRDA:201,1,0,0
BRDA:201,1,1,6
BRDA:211,2,0,0
BRDA:211,2,1,3
BRDA:299,3,0,2
BRDA:299,3,1,3
BRDA:322,4,0,1
BRDA:322,4,1,5
BRDA:322,5,0,6
BRDA:322,5,1,1
BRDA:322,5,2,0
BRDA:335,6,0,1
BRDA:335,6,1,6
BRDA:344,7,0,2
BRDA:344,7,1,6
BRDA:399,8,0,0
BRDA:399,8,1,0
BRDA:409,9,0,0
BRDA:409,9,1,0
BRDA:418,10,0,0
BRDA:418,10,1,0
BRDA:427,11,0,0
BRDA:427,11,1,0
BRDA:436,12,0,0
BRDA:436,12,1,0
BRDA:445,13,0,0
BRDA:445,13,1,0
BRDA:454,14,0,0
BRDA:454,14,1,0
BRDA:474,15,0,2
BRDA:474,15,1,2
BRDA:487,16,0,2
BRDA:487,16,1,1
BRDA:499,17,0,1
BRDA:499,17,1,3
BRDA:499,18,0,4
BRDA:499,18,1,2
BRDA:508,19,0,3
BRDA:508,19,1,1
BRDA:508,20,0,4
BRDA:508,20,1,2
BRDA:517,21,0,1
BRDA:517,21,1,3
BRDA:517,22,0,4
BRDA:517,22,1,2
BRDA:526,23,0,3
BRDA:526,23,1,1
BRDA:526,24,0,4
BRDA:526,24,1,2
BRDA:535,25,0,1
BRDA:535,25,1,1
BRDA:546,26,0,2
BRDA:546,26,1,2
end_of_record
SF:/home/travis/build/tsg-ut/mnemo/lib/util.js
DA:1,2
DA:4,2
DA:5,64
DA:6,64
DA:8,64
DA:9,3
DA:12,61
DA:13,244
DA:14,0
DA:18,61
DA:21,2
DA:27,2
DA:28,0
DA:29,0
DA:30,0
DA:36,1
DA:37,16
DA:38,16
DA:40,29
DA:41,26
DA:42,16
DA:46,1
DA:47,15
DA:48,0
DA:51,15
DA:52,15
DA:54,15
DA:55,191
DA:56,191
DA:57,23
DA:59,168
DA:62,15
DA:65,1
DA:66,1
DA:67,1
DA:68,1
DA:69,1
DA:70,1
DA:71,1
DA:72,1
DA:73,1
DA:74,1
DA:77,1
DA:78,6
DA:81,2
DA:84,2
DA:87,2
DA:90,1
DA:95,1
DA:96,2
DA:97,1
DA:99,1
DA:100,0
DA:101,0
DA:104,0
DA:109,1
DA:111,1
DA:112,50
DA:113,176
DA:115,176
DA:116,127
DA:119,176
DA:120,225
DA:122,225
DA:123,208
DA:126,226
DA:131,1
DA:132,0
DA:135,1
DA:136,0
DA:138,0
DA:139,0
DA:142,0
DA:34,1
DA:35,0
DA:39,0
DA:44,1
DA:45,0
DA:49,0
DA:50,0
DA:53,0
DA:60,0
DA:63,1
DA:64,0
DA:75,1
DA:92,1
DA:93,1
DA:94,1
DA:98,0
DA:106,1
DA:108,1
DA:118,0
DA:128,1
DA:129,0
BRDA:8,1,0,3
BRDA:8,1,1,61
BRDA:13,2,0,0
BRDA:13,2,1,244
BRDA:47,3,0,0
BRDA:47,3,1,15
BRDA:47,4,0,15
BRDA:47,4,1,15
BRDA:47,4,2,15
BRDA:47,4,3,15
BRDA:47,4,4,1
BRDA:56,5,0,23
BRDA:56,5,1,168
BRDA:78,6,0,3
BRDA:78,6,1,2
BRDA:81,7,0,0
BRDA:81,7,1,0
BRDA:100,8,0,0
BRDA:100,8,1,0
BRDA:115,9,0,127
BRDA:115,9,1,49
BRDA:122,10,0,208
BRDA:122,10,1,17
BRDA:138,11,0,0
BRDA:138,11,1,0
BRDA:45,3,0,0
BRDA:45,3,1,0
BRDA:45,4,0,0
BRDA:45,4,1,0
BRDA:45,4,2,0
BRDA:45,4,3,0
BRDA:45,4,4,0
BRDA:54,5,0,0
BRDA:54,5,1,0
BRDA:75,6,0,0
BRDA:75,6,1,0
BRDA:78,7,0,0
BRDA:78,7,1,0
BRDA:97,8,0,0
BRDA:97,8,1,0
BRDA:111,9,0,0
BRDA:111,9,1,0
BRDA:118,10,0,0
BRDA:118,10,1,0
BRDA:131,11,0,0
BRDA:131,11,1,0
end_of_record
SF:/home/travis/build/tsg-ut/mnemo/stages/calc03.js
DA:1,1
DA:19,3
DA:20,3
DA:22,3
end_of_record
SF:/home/travis/build/tsg-ut/mnemo/stages/conditional01.js
DA:1,1
DA:27,1
DA:28,1
DA:30,1
DA:31,1
DA:33,1
BRDA:28,1,0,1
BRDA:28,1,1,0
BRDA:31,2,0,1
BRDA:31,2,1,0
end_of_record
SF:/home/travis/build/tsg-ut/mnemo/stages/conditional02.js
DA:1,1
DA:27,200
DA:28,200
DA:30,1
DA:31,1
DA:33,1
BRDA:28,1,0,200
BRDA:28,1,1,199
end_of_record
SF:/home/travis/build/tsg-ut/mnemo/stages/conditional03.js
DA:1,1
DA:28,1
DA:29,1
DA:32,1
DA:33,1
DA:34,1
DA:36,1
DA:37,1
DA:38,1
DA:40,1
DA:41,1
DA:43,2
DA:45,3
DA:47,1
end_of_record
SF:/home/travis/build/tsg-ut/mnemo/stages/factorial.js
DA:1,1
DA:29,13
DA:30,1
DA:33,1
DA:34,1
DA:35,1
DA:37,1
DA:38,1
DA:39,1
DA:41,1
DA:42,1
DA:44,2
DA:46,38
DA:48,1
BRDA:46,1,0,4
BRDA:46,1,1,34
end_of_record
SF:/home/travis/build/tsg-ut/mnemo/stages/parity.js
DA:1,1
DA:29,1
DA:30,148
DA:33,3
DA:35,1
DA:38,1
DA:39,1
DA:41,1
DA:42,30
DA:45,1
DA:49,1
DA:50,1
DA:52,1
DA:53,1
DA:56,1
DA:60,1
DA:61,1
DA:63,1
DA:64,2
DA:67,1
DA:70,1
BRDA:54,1,0,1
BRDA:54,1,1,1
end_of_record
SF:/home/travis/build/tsg-ut/mnemo/stages/fibonacci.js
DA:1,1
DA:29,1
DA:31,1
DA:32,18
DA:35,18
DA:36,1
DA:39,1
DA:40,1
DA:41,1
DA:43,1
DA:44,1
DA:45,1
DA:47,1
DA:48,1
DA:50,2
DA:52,1
end_of_record
SF:/home/travis/build/tsg-ut/mnemo/stages/power-hard.js
DA:1,1
DA:47,1
DA:50,1
DA:53,1
DA:56,1
DA:58,1
DA:60,1
BRDA:47,1,0,1
BRDA:47,1,1,0
BRDA:53,2,0,1
BRDA:53,2,1,0
end_of_record
SF:/home/travis/build/tsg-ut/mnemo/stages/gcd.js
DA:1,1
DA:41,1
DA:42,3
DA:43,55
DA:44,55
DA:45,55
DA:46,55
DA:50,1
DA:51,37
DA:52,10
DA:55,27
DA:58,1
DA:60,1
DA:62,1
DA:63,2
DA:64,2
DA:66,1
DA:68,1
DA:70,1
DA:71,3
DA:72,3
DA:74,1
DA:76,1
DA:78,1
DA:79,2
DA:80,2
DA:82,1
DA:84,3
DA:86,1
BRDA:51,1,0,10
BRDA:51,1,1,27
end_of_record
SF:/home/travis/build/tsg-ut/mnemo/stages/lcm.js
DA:1,1
DA:41,1
DA:42,3
DA:43,51
DA:44,51
DA:45,51
DA:46,51
DA:50,1
DA:51,44
DA:52,8
DA:55,36
DA:58,8
DA:60,1
DA:61,3
DA:63,3
DA:64,6
DA:65,9
DA:67,3
DA:70,2
DA:72,1
BRDA:51,1,0,8
BRDA:51,1,1,36
end_of_record
SF:/home/travis/build/tsg-ut/mnemo/stages/sqrt-easy.js
DA:1,1
DA:37,13
DA:38,1
DA:41,1
DA:42,1
DA:43,1
DA:45,1
DA:46,1
DA:47,1
DA:49,1
DA:50,1
DA:52,2
DA:54,1
end_of_record
SF:/home/travis/build/tsg-ut/mnemo/stages/sqrt-hard.js
DA:1,1
DA:46,1
DA:47,1
DA:48,1
DA:49,1
DA:51,1
end_of_record
SF:/home/travis/build/tsg-ut/mnemo/stages/msd.js
DA:1,1
DA:46,1
DA:47,1
DA:49,1
DA:50,1
DA:52,1
DA:53,1
DA:55,3
DA:56,1
DA:58,1
end_of_record
SF:/home/travis/build/tsg-ut/mnemo/stages/mod3-hard.js
DA:1,1
DA:42,1
DA:43,1
DA:45,1
DA:46,1
DA:48,1
DA:49,1
DA:51,1
DA:53,1
DA:55,1
end_of_record
SF:/home/travis/build/tsg-ut/mnemo/stages/the-fifth-max.js
DA:1,1
DA:120,129
DA:122,1
DA:123,4
DA:124,26
DA:127,1
DA:133,1
DA:135,1
DA:136,5
DA:139,1
DA:144,1
DA:146,1
DA:147,7
DA:150,1
DA:155,1
DA:157,1
DA:158,7
DA:161,1
DA:166,1
DA:168,1
DA:169,7
DA:173,1
DA:174,1
DA:175,1
DA:177,1
DA:180,1
DA:181,5
DA:182,5
end_of_record
SF:/home/travis/build/tsg-ut/mnemo/stages/repeat-self.js
DA:1,1
DA:34,7
DA:35,1
DA:38,1
DA:39,1
DA:40,1
DA:42,1
DA:43,1
DA:45,1
DA:47,1
end_of_record
SF:/home/travis/build/tsg-ut/mnemo/stages/fibonacci-hard.js
DA:1,1
DA:36,1
DA:38,1
DA:39,28
DA:42,18
DA:43,1
DA:46,1
DA:47,1
DA:48,1
DA:50,1
DA:51,1
DA:52,1
DA:54,1
DA:55,1
DA:57,2
DA:59,1
end_of_record
SF:/home/travis/build/tsg-ut/mnemo/stages/factorization.js
DA:1,1
DA:41,1
DA:42,1
DA:43,1
DA:44,253
DA:45,253
DA:46,1764
DA:47,200
DA:48,200
DA:51,253
DA:52,53
DA:53,53
DA:55,200
DA:59,199
DA:60,1
DA:62,1
DA:63,1
DA:64,1
DA:66,1
DA:67,1
DA:68,1
DA:70,1
DA:71,1
DA:73,2
DA:75,1
BRDA:46,1,0,200
BRDA:46,1,1,1564
BRDA:51,2,0,53
BRDA:51,2,1,200
end_of_record
SF:/home/travis/build/tsg-ut/mnemo/stages/spaceship.js
DA:1,1
DA:43,99
DA:45,1
DA:46,3
DA:47,3
DA:48,3
DA:51,1
DA:53,1
DA:54,1
DA:55,1
DA:57,1
DA:59,1
DA:60,1
DA:61,1
DA:63,1
DA:65,1
DA:66,1
DA:68,1
DA:70,1
DA:71,1
DA:72,1
DA:74,1
DA:76,5
DA:78,1
BRDA:68,1,0,1
BRDA:68,1,1,0
end_of_record
SF:/home/travis/build/tsg-ut/mnemo/stages/10000th-digit.js
DA:1,1
DA:51,1
DA:52,1276
DA:55,1
DA:56,69
DA:57,69
DA:58,1149
DA:60,69
DA:63,1
DA:102,37
DA:104,1
DA:107,21
DA:108,1
DA:111,1
DA:112,1
DA:113,21
DA:114,9
DA:116,21
DA:119,1
DA:120,9
DA:125,1
DA:126,1
DA:127,1
DA:128,1
DA:130,1
DA:131,1
DA:132,1
DA:133,1
DA:135,1
DA:136,1
DA:137,1
DA:139,4
DA:141,1
BRDA:52,1,0,84
BRDA:52,1,1,1192
BRDA:107,2,0,21
BRDA:107,2,1,6
BRDA:113,3,0,9
BRDA:113,3,1,12
BRDA:120,4,0,9
BRDA:120,4,1,8
end_of_record
SF:/home/travis/build/tsg-ut/mnemo/lib/validator.js
DA:1,1
DA:2,1
DA:3,1
DA:4,1
DA:5,1
DA:7,1
DA:10,1
DA:11,0
DA:13,0
DA:14,0
DA:16,0
DA:19,1
DA:20,45
DA:21,1
DA:24,107
DA:26,44
DA:27,1
DA:30,43
DA:31,3
DA:34,40
DA:35,1
DA:38,39
DA:40,39
DA:41,64
DA:42,64
DA:43,3
DA:46,61
DA:47,4
DA:50,57
DA:51,3
DA:54,54
DA:55,4
DA:58,50
DA:59,3
DA:62,47
DA:63,3
DA:66,44
DA:67,1
DA:70,43
DA:71,4
DA:74,39
DA:75,2
DA:78,37
DA:81,64
DA:82,27
DA:86,39
DA:87,27
DA:91,12
DA:92,12
DA:93,37
DA:94,37
DA:97,12
DA:98,2
DA:102,10
DA:103,10
DA:104,32
DA:105,18
DA:107,14
DA:111,10
DA:112,14
DA:113,1
DA:116,13
DA:118,13
DA:119,1
DA:125,8
DA:133,8
DA:134,29
DA:137,8
DA:139,8
DA:140,8
DA:141,2
DA:142,2
DA:143,2
DA:144,2
DA:146,2
DA:152,6
DA:158,8
DA:159,13
DA:161,13
DA:162,5
DA:165,8
DA:168,3
BRDA:20,1,0,1
BRDA:20,1,1,44
BRDA:26,2,0,1
BRDA:26,2,1,43
BRDA:30,3,0,3
BRDA:30,3,1,40
BRDA:34,4,0,1
BRDA:34,4,1,39
BRDA:42,5,0,3
BRDA:42,5,1,61
BRDA:46,6,0,4
BRDA:46,6,1,57
BRDA:50,7,0,3
BRDA:50,7,1,54
BRDA:50,8,0,57
BRDA:50,8,1,56
BRDA:54,9,0,4
BRDA:54,9,1,50
BRDA:58,10,0,3
BRDA:58,10,1,47
BRDA:58,11,0,50
BRDA:58,11,1,49
BRDA:62,12,0,3
BRDA:62,12,1,44
BRDA:66,13,0,1
BRDA:66,13,1,43
BRDA:70,14,0,4
BRDA:70,14,1,39
BRDA:74,15,0,2
BRDA:74,15,1,37
BRDA:74,16,0,39
BRDA:74,16,1,38
BRDA:81,17,0,27
BRDA:81,17,1,37
BRDA:86,18,0,27
BRDA:86,18,1,12
BRDA:97,19,0,2
BRDA:97,19,1,10
BRDA:104,20,0,18
BRDA:104,20,1,14
BRDA:112,21,0,1
BRDA:112,21,1,13
BRDA:118,22,0,1
BRDA:118,22,1,12
BRDA:118,23,0,13
BRDA:118,23,1,1
BRDA:140,24,0,2
BRDA:140,24,1,6
BRDA:161,25,0,5
BRDA:161,25,1,8
end_of_record
SF:/home/travis/build/tsg-ut/mnemo/stages/index.js
DA:3,1
DA:5,1
DA:59,1
DA:60,50
DA:61,37
DA:64,50
DA:66,50
BRDA:60,1,0,37
BRDA:60,1,1,13
end_of_record
SF:/home/travis/build/tsg-ut/mnemo/stages/wire01.js
DA:1,1
end_of_record
SF:/home/travis/build/tsg-ut/mnemo/stages/calc01.js
DA:1,1
end_of_record
SF:/home/travis/build/tsg-ut/mnemo/stages/calc02.js
DA:1,1
end_of_record
SF:/home/travis/build/tsg-ut/mnemo/stages/calc04.js
DA:1,1
end_of_record
SF:/home/travis/build/tsg-ut/mnemo/stages/calc05.js
DA:1,1
end_of_record
SF:/home/travis/build/tsg-ut/mnemo/stages/calc06.js
DA:1,1
end_of_record
SF:/home/travis/build/tsg-ut/mnemo/stages/make-minus-one-easy.js
DA:1,1
end_of_record
SF:/home/travis/build/tsg-ut/mnemo/stages/division-easy.js
DA:1,1
end_of_record
SF:/home/travis/build/tsg-ut/mnemo/stages/sixth-power.js
DA:1,1
end_of_record
SF:/home/travis/build/tsg-ut/mnemo/stages/remainder.js
DA:1,1
end_of_record
SF:/home/travis/build/tsg-ut/mnemo/stages/plus-32.js
DA:1,1
end_of_record
SF:/home/travis/build/tsg-ut/mnemo/stages/bivariation01.js
DA:1,1
end_of_record
SF:/home/travis/build/tsg-ut/mnemo/stages/power-easy.js
DA:1,1
end_of_record
SF:/home/travis/build/tsg-ut/mnemo/stages/division-hard.js
DA:1,1
end_of_record
SF:/home/travis/build/tsg-ut/mnemo/stages/make-minus-one-med.js
DA:1,1
end_of_record
SF:/home/travis/build/tsg-ut/mnemo/stages/make-minus-one-hard.js
DA:1,1
end_of_record
SF:/home/travis/build/tsg-ut/mnemo/stages/complement-of-2.js
DA:1,1
end_of_record
SF:/home/travis/build/tsg-ut/mnemo/stages/binarian-easy.js
DA:1,1
end_of_record
SF:/home/travis/build/tsg-ut/mnemo/stages/perfect-number.js
DA:1,1
end_of_record
SF:/home/travis/build/tsg-ut/mnemo/stages/reversal.js
DA:1,1
end_of_record
SF:/home/travis/build/tsg-ut/mnemo/stages/seq01.js
DA:1,1
end_of_record
SF:/home/travis/build/tsg-ut/mnemo/stages/seq02.js
DA:1,1
end_of_record
SF:/home/travis/build/tsg-ut/mnemo/stages/max.js
DA:1,1
end_of_record
SF:/home/travis/build/tsg-ut/mnemo/stages/100.js
DA:1,1
end_of_record
SF:/home/travis/build/tsg-ut/mnemo/stages/100-again.js
DA:1,1
end_of_record
SF:/home/travis/build/tsg-ut/mnemo/stages/1000.js
DA:1,1
end_of_record
SF:/home/travis/build/tsg-ut/mnemo/stages/plus-32-hard.js
DA:1,1
end_of_record
SF:/home/travis/build/tsg-ut/mnemo/stages/xor.js
DA:1,1
end_of_record
SF:/home/travis/build/tsg-ut/mnemo/stages/2017.js
DA:1,1
end_of_record
SF:/home/travis/build/tsg-ut/mnemo/stages/addition-med.js
DA:1,1
end_of_record
SF:/home/travis/build/tsg-ut/mnemo/lib/block-component.jsx
DA:1,1
DA:3,1
DA:4,1
DA:5,1
DA:6,1
DA:7,1
DA:12,0
DA:14,0
DA:16,0
DA:17,0
DA:18,0
DA:22,0
DA:23,0
DA:24,0
DA:25,0
DA:26,0
DA:30,0
DA:32,0
DA:34,0
DA:35,0
DA:44,0
DA:45,0
DA:46,0
DA:48,0
DA:50,0
DA:58,0
DA:62,0
DA:63,0
DA:67,0
DA:69,0
DA:71,0
DA:72,0
DA:74,0
DA:79,0
DA:80,0
DA:89,0
DA:90,0
DA:94,0
DA:96,0
DA:97,0
DA:99,0
DA:109,0
DA:112,0
DA:113,0
DA:117,0
DA:118,0
DA:119,0
DA:123,0
DA:124,0
DA:125,0
DA:126,0
DA:130,0
DA:131,0
DA:132,0
DA:136,0
DA:137,0
DA:138,0
DA:142,0
DA:149,0
DA:157,0
DA:158,0
DA:163,0
DA:164,0
DA:165,0
DA:169,0
DA:177,0
DA:196,0
DA:208,0
DA:220,0
DA:238,1
DA:250,1
DA:253,1
BRDA:1,1,0,0
BRDA:1,1,1,0
BRDA:17,2,0,0
BRDA:17,2,1,0
BRDA:125,3,0,0
BRDA:125,3,1,0
BRDA:131,4,0,0
BRDA:131,4,1,0
BRDA:137,5,0,0
BRDA:137,5,1,0
BRDA:157,6,0,0
BRDA:157,6,1,0
BRDA:157,7,0,0
BRDA:157,7,1,0
end_of_record
SF:/home/travis/build/tsg-ut/mnemo/lib/constants.js
DA:1,1
end_of_record
SF:/home/travis/build/tsg-ut/mnemo/lib/data-component.jsx
DA:1,1
DA:2,1
DA:3,1
DA:4,1
DA:5,1
DA:6,1
DA:7,1
DA:12,0
DA:14,0
DA:15,0
DA:17,0
DA:21,0
DA:22,0
DA:28,0
DA:29,0
DA:32,0
DA:33,0
DA:34,0
DA:37,0
DA:39,0
DA:45,0
DA:46,0
DA:52,0
DA:53,0
DA:56,0
DA:57,0
DA:58,0
DA:61,0
DA:62,0
DA:66,0
DA:67,0
DA:68,0
DA:74,0
DA:75,0
DA:76,0
DA:77,0
DA:80,0
DA:81,0
DA:84,0
DA:85,0
DA:88,0
DA:89,0
DA:92,0
DA:93,0
DA:96,0
DA:97,0
DA:100,0
DA:101,0
DA:104,0
DA:105,0
DA:108,0
DA:109,0
DA:110,0
DA:113,0
DA:114,0
DA:117,0
DA:120,0
DA:121,0
DA:122,0
DA:123,0
DA:126,0
DA:127,0
DA:130,0
DA:131,0
DA:134,0
DA:135,0
DA:138,0
DA:141,0
DA:143,0
DA:149,0
DA:150,0
DA:153,0
DA:154,0
DA:159,0
DA:160,0
DA:163,0
DA:164,0
DA:167,0
DA:168,0
DA:171,0
DA:172,0
DA:175,0
DA:176,0
DA:181,0
DA:198,0
DA:216,1
DA:230,1
DA:233,1
BRDA:15,1,0,0
BRDA:15,1,1,0
BRDA:33,2,0,0
BRDA:33,2,1,0
BRDA:37,3,0,0
BRDA:37,3,1,0
BRDA:57,4,0,0
BRDA:57,4,1,0
BRDA:61,5,0,0
BRDA:61,5,1,0
BRDA:67,6,0,0
BRDA:67,6,1,0
BRDA:75,7,0,0
BRDA:75,7,1,0
BRDA:76,8,0,0
BRDA:76,8,1,0
BRDA:80,9,0,0
BRDA:80,9,1,0
BRDA:84,10,0,0
BRDA:84,10,1,0
BRDA:92,11,0,0
BRDA:92,11,1,0
BRDA:96,12,0,0
BRDA:96,12,1,0
BRDA:100,13,0,0
BRDA:100,13,1,0
BRDA:109,14,0,0
BRDA:109,14,1,0
BRDA:113,15,0,0
BRDA:113,15,1,0
BRDA:121,16,0,0
BRDA:121,16,1,0
BRDA:122,17,0,0
BRDA:122,17,1,0
BRDA:126,18,0,0
BRDA:126,18,1,0
BRDA:130,19,0,0
BRDA:130,19,1,0
BRDA:141,20,0,0
BRDA:141,20,1,0
BRDA:141,21,0,0
BRDA:141,21,1,0
BRDA:149,22,0,0
BRDA:149,22,1,0
BRDA:153,23,0,0
BRDA:153,23,1,0
BRDA:159,24,0,0
BRDA:159,24,1,0
BRDA:159,25,0,0
BRDA:159,25,1,0
BRDA:163,26,0,0
BRDA:163,26,1,0
BRDA:163,27,0,0
BRDA:163,27,1,0
BRDA:167,28,0,0
BRDA:167,28,1,0
BRDA:167,29,0,0
BRDA:167,29,1,0
BRDA:171,30,0,0
BRDA:171,30,1,0
BRDA:171,31,0,0
BRDA:171,31,1,0
BRDA:175,32,0,0
BRDA:175,32,1,0
BRDA:175,33,0,0
BRDA:175,33,1,0
end_of_record
SF:/home/travis/build/tsg-ut/mnemo/lib/board-component.jsx
DA:1,1
DA:3,1
DA:4,1
DA:5,1
DA:6,1
DA:7,1
DA:8,1
DA:9,1
DA:10,1
DA:11,1
DA:12,1
DA:13,1
DA:14,1
DA:16,1
DA:24,0
DA:26,0
DA:30,0
DA:32,0
DA:37,0
DA:39,0
DA:40,0
DA:43,0
DA:44,0
DA:46,0
DA:48,0
DA:49,0
DA:54,0
DA:58,0
DA:59,0
DA:62,0
DA:64,0
DA:66,0
DA:67,0
DA:70,0
DA:71,0
DA:72,0
DA:74,0
DA:77,0
DA:78,0
DA:79,0
DA:81,0
DA:84,0
DA:87,0
DA:88,0
DA:89,0
DA:91,0
DA:92,0
DA:94,0
DA:95,0
DA:97,0
DA:104,0
DA:105,0
DA:108,0
DA:109,0
DA:112,0
DA:113,0
DA:116,0
DA:117,0
DA:118,0
DA:121,0
DA:122,0
DA:123,0
DA:127,0
DA:128,0
DA:130,0
DA:131,0
DA:133,0
DA:134,0
DA:139,0
DA:140,0
DA:146,0
DA:155,0
DA:156,0
DA:158,0
DA:159,0
DA:163,0
DA:164,0
DA:170,0
DA:177,0
DA:178,0
DA:183,0
DA:184,0
DA:186,0
DA:192,0
DA:198,0
DA:199,0
DA:203,0
DA:204,0
DA:207,0
DA:208,0
DA:209,0
DA:214,0
DA:215,0
DA:218,0
DA:219,0
DA:222,0
DA:223,0
DA:226,0
DA:227,0
DA:233,0
DA:235,0
DA:236,0
DA:238,0
DA:241,0
DA:242,0
DA:243,0
DA:245,0
DA:248,0
DA:249,0
DA:250,0
DA:253,0
DA:256,0
DA:260,0
DA:262,0
DA:293,0
DA:335,0
DA:372,0
DA:374,0
DA:382,0
DA:383,0
DA:384,0
DA:386,0
DA:388,0
DA:389,0
DA:390,0
DA:392,0
DA:394,0
DA:396,0
DA:414,0
DA:415,0
DA:417,0
DA:418,0
DA:422,0
DA:423,0
DA:424,0
DA:430,0
DA:434,0
DA:438,0
DA:442,0
DA:446,0
DA:450,0
DA:454,0
DA:458,0
DA:462,0
DA:466,0
DA:467,0
DA:471,0
DA:477,0
DA:481,0
DA:485,0
DA:489,0
DA:493,0
DA:497,0
DA:498,0
DA:504,0
DA:505,0
DA:510,0
DA:625,0
DA:630,0
DA:645,0
DA:676,1
DA:697,1
DA:700,1
BRDA:1,1,0,0
BRDA:1,1,1,0
BRDA:6,2,0,1
BRDA:6,2,1,0
BRDA:58,3,0,0
BRDA:58,3,1,0
BRDA:66,4,0,0
BRDA:66,4,1,0
BRDA:70,5,0,0
BRDA:70,5,1,0
BRDA:77,6,0,0
BRDA:77,6,1,0
BRDA:122,7,0,0
BRDA:122,7,1,0
BRDA:130,8,0,0
BRDA:130,8,1,0
BRDA:133,9,0,0
BRDA:133,9,1,0
BRDA:139,10,0,0
BRDA:139,10,1,0
BRDA:158,11,0,0
BRDA:158,11,1,0
BRDA:163,12,0,0
BRDA:163,12,1,0
BRDA:177,13,0,0
BRDA:177,13,1,0
BRDA:184,14,0,0
BRDA:184,14,1,0
BRDA:198,15,0,0
BRDA:198,15,1,0
BRDA:228,16,0,0
BRDA:228,16,1,0
BRDA:229,17,0,0
BRDA:229,17,1,0
BRDA:230,18,0,0
BRDA:230,18,1,0
BRDA:249,19,0,0
BRDA:249,19,1,0
BRDA:249,20,0,0
BRDA:249,20,1,0
BRDA:303,21,0,0
BRDA:303,21,1,0
BRDA:318,22,0,0
BRDA:318,22,1,0
BRDA:326,23,0,0
BRDA:326,23,1,0
BRDA:414,24,0,0
BRDA:414,24,1,0
BRDA:417,25,0,0
BRDA:417,25,1,0
BRDA:422,26,0,0
BRDA:422,26,1,0
BRDA:423,27,0,0
BRDA:423,27,1,0
BRDA:504,28,0,0
BRDA:504,28,1,0
end_of_record
SF:/home/travis/build/tsg-ut/mnemo/lib/io-component.jsx
DA:1,1
DA:2,1
DA:3,1
DA:7,0
DA:9,0
DA:10,0
DA:11,0
DA:12,0
DA:15,0
DA:16,0
DA:17,0
DA:20,0
DA:24,0
DA:25,0
DA:28,0
DA:29,0
DA:32,0
DA:37,0
DA:106,1
DA:115,1
DA:121,1
BRDA:10,1,0,0
BRDA:10,1,1,0
BRDA:11,2,0,0
BRDA:11,2,1,0
BRDA:11,3,0,0
BRDA:11,3,1,0
BRDA:16,4,0,0
BRDA:16,4,1,0
BRDA:24,5,0,0
BRDA:24,5,1,0
BRDA:24,6,0,0
BRDA:24,6,1,0
BRDA:28,7,0,0
BRDA:28,7,1,0
BRDA:44,8,0,0
BRDA:44,8,1,0
BRDA:51,9,0,0
BRDA:51,9,1,0
BRDA:63,10,0,0
BRDA:63,10,1,0
BRDA:85,11,0,0
BRDA:85,11,1,0
BRDA:93,12,0,0
BRDA:93,12,1,0
BRDA:97,13,0,0
BRDA:97,13,1,0
end_of_record
SF:/home/travis/build/tsg-ut/mnemo/lib/panel-component.jsx
DA:1,1
DA:3,1
DA:4,1
DA:5,1
DA:10,11
DA:12,11
DA:13,1
DA:18,11
DA:19,11
DA:21,11
DA:22,12
DA:24,12
DA:25,12
DA:26,10
DA:30,11
DA:42,3
DA:44,3
DA:45,2
DA:48,3
DA:50,2
DA:51,2
DA:61,3
DA:63,3
DA:65,3
DA:67,2
DA:69,2
DA:71,1
DA:73,1
DA:75,1
DA:78,2
DA:85,17
DA:88,19
DA:106,1
DA:109,1
BRDA:1,1,0,1
BRDA:1,1,1,0
BRDA:1,2,0,0
BRDA:1,2,1,0
BRDA:25,3,0,10
BRDA:25,3,1,2
BRDA:44,4,0,2
BRDA:44,4,1,1
BRDA:48,5,0,2
BRDA:48,5,1,1
BRDA:65,6,0,2
BRDA:65,6,1,1
BRDA:69,7,0,1
BRDA:69,7,1,1
BRDA:95,8,0,14
BRDA:95,8,1,5
BRDA:99,9,0,7
BRDA:99,9,1,12
end_of_record
SF:/home/travis/build/tsg-ut/mnemo/api/index.js
DA:1,1
DA:2,1
DA:3,1
DA:4,1
DA:6,1
DA:8,1
DA:13,1
DA:15,1
DA:16,0
DA:22,1
DA:23,1
DA:25,1
DA:26,0
DA:29,1
BRDA:15,0,0,0
BRDA:15,0,1,1
BRDA:25,1,0,0
BRDA:25,1,1,1
BRDA:26,2,0,0
BRDA:26,2,1,0
end_of_record
SF:/home/travis/build/tsg-ut/mnemo/api/migrations/20160915083636-add-tables.js
DA:1,1
DA:2,1
DA:19,1
DA:60,0
end_of_record
SF:/home/travis/build/tsg-ut/mnemo/api/migrations/20161126135322-add-unique-name-and-stage.js
DA:1,1
DA:3,1
DA:9,0
end_of_record
SF:/home/travis/build/tsg-ut/mnemo/api/migrations/20161202090513-add-version-column.js
DA:1,1
DA:3,1
DA:18,0
end_of_record
SF:/home/travis/build/tsg-ut/mnemo/api/models/index.js
DA:1,1
DA:2,1
DA:3,1
DA:5,1
DA:6,1
DA:7,0
DA:10,1
DA:13,1
BRDA:2,0,0,1
BRDA:2,0,1,0
BRDA:6,1,0,0
BRDA:6,1,1,1
end_of_record
SF:/home/travis/build/tsg-ut/mnemo/api/models/stage.js
DA:1,1
DA:2,1
DA:4,1
DA:16,1
end_of_record
SF:/home/travis/build/tsg-ut/mnemo/api/models/submission.js
DA:1,1
DA:2,1
DA:4,1
DA:6,1
DA:56,1
DA:58,1
end_of_record
SF:/home/travis/build/tsg-ut/mnemo/api/routes/index.js
DA:1,1
DA:2,1
DA:4,1
DA:5,0
DA:8,1
end_of_record
SF:/home/travis/build/tsg-ut/mnemo/api/routes/stages.js
DA:1,1
DA:2,1
DA:3,1
DA:4,1
DA:6,1
DA:7,1
DA:8,1
DA:9,1
DA:11,1
DA:12,1
DA:14,1
DA:15,1
DA:16,1
DA:19,1
DA:20,1
DA:22,1
DA:28,1
DA:29,0
DA:34,1
DA:38,1
DA:39,3
DA:41,3
DA:58,25
DA:65,3
DA:68,1
DA:69,11
DA:71,11
DA:93,11
DA:95,11
DA:96,1
DA:100,1
DA:103,10
DA:105,10
DA:107,10
DA:108,1
DA:112,1
DA:115,9
DA:117,9
DA:123,9
DA:124,3
DA:125,1
DA:129,1
DA:132,2
DA:147,2
DA:149,2
DA:156,2
DA:159,6
DA:169,5
DA:174,7
DA:190,7
DA:191,7
DA:192,7
DA:195,7
DA:198,7
DA:205,7
DA:217,7
DA:224,1
BRDA:28,0,0,0
BRDA:28,0,1,1
BRDA:95,1,0,1
BRDA:95,1,1,10
BRDA:107,2,0,1
BRDA:107,2,1,9
BRDA:123,3,0,3
BRDA:123,3,1,6
BRDA:124,4,0,1
BRDA:124,4,1,2
BRDA:124,5,0,3
BRDA:124,5,1,2
BRDA:200,6,0,7
BRDA:200,6,1,0
end_of_record
